 Cálculo de la factorización de Cholesky
 Orden de A: 
           6
 La parte triangular inferior de la matriz simétrica A es: 
   5.0000000000000000     
  0.29999999999999999        5.0000000000000000     
  0.40000000000000002       0.50000000000000000        5.0000000000000000     
  0.50000000000000000       0.59999999999999998       0.69999999999999996        5.0000000000000000     
  0.59999999999999998       0.69999999999999996       0.80000000000000004       0.90000000000000002        5.0000000000000000     
  0.69999999999999996       0.80000000000000004       0.90000000000000002        1.0000000000000000        1.1000000000000001        5.0000000000000000     
 El término independiente b es
   2.0000000000000000        2.0000000000000000        2.0000000000000000        2.0000000000000000        2.0000000000000000        2.0000000000000000     
 La matriz B es: 
   2.2360679774997898     
  0.13416407864998736        2.2320394261750844     
  0.17888543819998318       0.21325788174615418        2.2186755228904347     
  0.22360679774997896       0.25537183318341988       0.27292857272287813        2.1932385235099243     
  0.26832815729997472       0.29748578462068564       0.31034678330302345       0.30973740335922156        2.1557480889478642     
  0.31304951684997051       0.33959973605795141       0.34776499388316873       0.34121267769505120       0.32534405744252781        2.1079508251298975     
 El determinante de B es: 
   12180.076416000005     

 La solución del sistema triangular inferior es:
  0.89442719099991586       0.84227902874531491       0.74836421160290634       0.62950548671659234       0.50200677302990682       0.37742209450449343     

 La solución es:
  0.29071518101056876       0.27226564158856587       0.25213887131001722       0.23009526576684486       0.20584729966935544       0.17904691608791951     

 El residuo del sistema es:
  -4.4408920985006262E-016   0.0000000000000000        0.0000000000000000       -2.2204460492503131E-016   0.0000000000000000       -2.2204460492503131E-016

 La norma 2 del residuo es:
   5.4389598220420729E-016
