 El numero de filas de A es: 
   5
 El numero de columnas de A y filas de B es: 
   6
 El numero de columnas de B es: 
   4
 Introduzca la matriz a:
  0.6000E+01  0.5000E+01  0.4000E+01  0.3000E+01  0.2000E+01
  0.1000E+01  0.2000E+01  0.3000E+01  0.4000E+01  0.5000E+01
  0.6000E+01  0.5000E+01  0.4000E+01  0.3000E+01  0.2000E+01
  0.1000E+01  0.2000E+01  0.3000E+01  0.4000E+01  0.5000E+01
  0.6000E+01  0.5000E+01  0.4000E+01  0.3000E+01  0.2000E+01
  0.1000E+01  0.2000E+01  0.3000E+01  0.4000E+01  0.5000E+01
 Introduzca la matriz b:
  0.1000E+01  0.2000E+01  0.3000E+01  0.4000E+01
  0.4000E+01  0.3000E+01  0.2000E+01  0.1000E+01
  0.1000E+01  0.2000E+01  0.3000E+01  0.4000E+01
  0.4000E+01  0.3000E+01  0.2000E+01  0.1000E+01
  0.1000E+01  0.2000E+01  0.3000E+01  0.4000E+01
 Producto matricial axb usando procedimiento propio: 
  0.4400E+02  0.4800E+02  0.5200E+02  0.5600E+02
  0.3300E+02  0.3600E+02  0.3900E+02  0.4200E+02
  0.4400E+02  0.4800E+02  0.5200E+02  0.5600E+02
  0.3300E+02  0.3600E+02  0.3900E+02  0.4200E+02
  0.4400E+02  0.4800E+02  0.5200E+02  0.5600E+02
  0.3300E+02  0.3600E+02  0.3900E+02  0.4200E+02
 Producto matricial axb usando funcion MATMUL: 
  0.4400E+02  0.4800E+02  0.5200E+02  0.5600E+02
  0.3300E+02  0.3600E+02  0.3900E+02  0.4200E+02
  0.4400E+02  0.4800E+02  0.5200E+02  0.5600E+02
  0.3300E+02  0.3600E+02  0.3900E+02  0.4200E+02
  0.4400E+02  0.4800E+02  0.5200E+02  0.5600E+02
  0.3300E+02  0.3600E+02  0.3900E+02  0.4200E+02
