 El numero de filas es: 
           5
 El numero de columnas es: 
           6
 Introduzca la matriz a:
   1.00000000       2.00000000       3.00000000       4.00000000       5.00000000       6.00000000    
   6.00000000       5.00000000       4.00000000       3.00000000       2.00000000       1.00000000    
   1.00000000       2.00000000       3.00000000       4.00000000       5.00000000       6.00000000    
   6.00000000       5.00000000       4.00000000       3.00000000       2.00000000       1.00000000    
   1.00000000       2.00000000       3.00000000       4.00000000       5.00000000       6.00000000    
 Introduzca la matriz b:
   1.00000000       1.00000000       1.00000000       1.00000000       1.00000000       1.00000000    
   2.00000000       2.00000000       2.00000000       2.00000000       2.00000000       2.00000000    
   1.00000000       1.00000000       1.00000000       1.00000000       1.00000000       1.00000000    
   2.00000000       2.00000000       2.00000000       2.00000000       2.00000000       2.00000000    
   1.00000000       1.00000000       1.00000000       1.00000000       1.00000000       1.00000000    
 Suma de las matrices a+b: 
   2.00000000       3.00000000       4.00000000       5.00000000       6.00000000       7.00000000    
   8.00000000       7.00000000       6.00000000       5.00000000       4.00000000       3.00000000    
   2.00000000       3.00000000       4.00000000       5.00000000       6.00000000       7.00000000    
   8.00000000       7.00000000       6.00000000       5.00000000       4.00000000       3.00000000    
   2.00000000       3.00000000       4.00000000       5.00000000       6.00000000       7.00000000    
