 --- C치lculo de la factorizaci칩n PA = LU y resoluci칩n de un sistema de ecuaciones lineales ---
 El orden n de la matriz A es: 
       5

 Introduzca la matriz A: 
  0.1000E+01 -0.1000E+01 -0.1000E+01 -0.1000E+01 -0.1000E+01
  0.0000E+00  0.1000E+01 -0.1000E+01 -0.1000E+01 -0.1000E+01
  0.0000E+00  0.0000E+00  0.1000E+01 -0.1000E+01 -0.1000E+01
  0.0000E+00  0.0000E+00  0.0000E+00  0.1000E+01 -0.1000E+01
  0.1000E+01  0.1000E+01  0.1000E+01  0.1000E+01  0.1000E+01

 Introduzca el vector B: 
  0.2000E+01 -0.1000E+01  0.0000E+00  0.4000E+01  0.0000E+00

 Determinante:    16.000000000000000     

 La matriz triangular inferior L es: 
  0.1000E+01  0.0000E+00  0.0000E+00  0.0000E+00  0.0000E+00
  0.1000E+01  0.1000E+01  0.0000E+00  0.0000E+00  0.0000E+00
  0.0000E+00  0.5000E+00  0.1000E+01  0.0000E+00  0.0000E+00
  0.0000E+00  0.0000E+00 -0.5000E+00  0.1000E+01  0.0000E+00
  0.0000E+00  0.0000E+00 -0.0000E+00 -0.5000E+00  0.1000E+01

 La matriz triangular superior U es: 
  0.1000E+01 -0.1000E+01 -0.1000E+01 -0.1000E+01 -0.1000E+01
  0.0000E+00  0.2000E+01  0.2000E+01  0.2000E+01  0.2000E+01
  0.0000E+00  0.0000E+00 -0.2000E+01 -0.2000E+01 -0.2000E+01
  0.0000E+00  0.0000E+00  0.0000E+00 -0.2000E+01 -0.2000E+01
  0.0000E+00  0.0000E+00  0.0000E+00  0.0000E+00 -0.2000E+01
 El vector ip es: 
       1       5       2       3       4

 La soluci칩n del sistema es: 
  0.1000E+01 -0.1000E+01 -0.0000E+00  0.2000E+01 -0.2000E+01

 El residuo del sistema r = Ax-b es: 
  0.0000E+00  0.0000E+00  0.0000E+00  0.0000E+00  0.0000E+00

