 --- Cálculo de la factorización de Jacobi para la resolución iterative un S.E.L. ---
 El orden n de la matriz A es: 
       6

 La matriz de coeficientes A es: 
  0.5000E+01  0.3000E+00  0.4000E+00  0.5000E+00  0.6000E+00  0.7000E+00
  0.3000E+00  0.5000E+01  0.5000E+00  0.6000E+00  0.7000E+00  0.8000E+00
  0.4000E+00  0.5000E+00  0.5000E+01  0.7000E+00  0.8000E+00  0.9000E+00
  0.5000E+00  0.6000E+00  0.7000E+00  0.5000E+01  0.9000E+00  0.1000E+01
  0.6000E+00  0.7000E+00  0.8000E+00  0.9000E+00  0.5000E+01  0.1100E+01
  0.7000E+00  0.8000E+00  0.9000E+00  0.1000E+01  0.1100E+01  0.5000E+01

 El término independiente b es: 
  0.2000E+01  0.2000E+01  0.2000E+01  0.2000E+01  0.2000E+01  0.2000E+01

 El iterante inicial u es: 
  0.0000E+00  0.0000E+00  0.0000E+00  0.0000E+00  0.0000E+00  0.0000E+00

 El parámetro eps para el test de parada es:
   9.9999999999999995E-007

 El número máximo de iteracciones permitidas es: 
     500

   1|  0.4000E+00  0.4000E+00  0.4000E+00  0.4000E+00  0.4000E+00  0.4000E+00
 Diferencia en norma 1:    2.3999999999999999     
-------------------------------------
   2|  0.2000E+00  0.1680E+00  0.1360E+00  0.1040E+00  0.7200E-01  0.4000E-01
 Diferencia en norma 1:    1.6800000000000004     
-------------------------------------
   3|  0.3544E+00  0.3454E+00  0.3339E+00  0.3198E+00  0.3032E+00  0.2840E+00
 Diferencia en norma 1:    1.2208000000000003     
-------------------------------------
   4|  0.2444E+00  0.2191E+00  0.1927E+00  0.1650E+00  0.1356E+00  0.1043E+00
 Diferencia en norma 1:   0.87964800000000021     
-------------------------------------
   5|  0.3241E+00  0.3106E+00  0.2950E+00  0.2770E+00  0.2565E+00  0.2332E+00
 Diferencia en norma 1:   0.63518246400000011     
-------------------------------------
   6|  0.2666E+00  0.2446E+00  0.2212E+00  0.1962E+00  0.1693E+00  0.1400E+00
 Diferencia en norma 1:   0.45839200512000000     
-------------------------------------
   7|  0.3081E+00  0.2922E+00  0.2745E+00  0.2545E+00  0.2322E+00  0.2072E+00
 Diferencia en norma 1:   0.33086189399039995     
-------------------------------------
   8|  0.2782E+00  0.2579E+00  0.2360E+00  0.2124E+00  0.1868E+00  0.1587E+00
 Diferencia en norma 1:   0.23880074383871991     
-------------------------------------
   9|  0.2998E+00  0.2827E+00  0.2638E+00  0.2428E+00  0.2196E+00  0.1937E+00
 Diferencia en norma 1:   0.17235774384740346     
-------------------------------------
  10|  0.2842E+00  0.2648E+00  0.2437E+00  0.2209E+00  0.1959E+00  0.1684E+00
 Diferencia en norma 1:   0.12440105053294145     
-------------------------------------
  11|  0.2954E+00  0.2777E+00  0.2582E+00  0.2367E+00  0.2130E+00  0.1867E+00
 Diferencia en norma 1:    8.9787911627097206E-002
-------------------------------------
  12|  0.2873E+00  0.2684E+00  0.2478E+00  0.2253E+00  0.2007E+00  0.1735E+00
 Diferencia en norma 1:    6.4805447701877628E-002
-------------------------------------
  13|  0.2932E+00  0.2751E+00  0.2553E+00  0.2336E+00  0.2096E+00  0.1830E+00
 Diferencia en norma 1:    4.6774075826288009E-002
-------------------------------------
  14|  0.2889E+00  0.2702E+00  0.2499E+00  0.2276E+00  0.2032E+00  0.1762E+00
 Diferencia en norma 1:    3.3759724835159627E-002
-------------------------------------
  15|  0.2920E+00  0.2737E+00  0.2538E+00  0.2319E+00  0.2078E+00  0.1811E+00
 Diferencia en norma 1:    2.4366468285659471E-002
-------------------------------------
  16|  0.2898E+00  0.2712E+00  0.2510E+00  0.2288E+00  0.2044E+00  0.1775E+00
 Diferencia en norma 1:    1.7586777655092506E-002
-------------------------------------
  17|  0.2914E+00  0.2730E+00  0.2530E+00  0.2310E+00  0.2069E+00  0.1801E+00
 Diferencia en norma 1:    1.2693458282485054E-002
-------------------------------------
  18|  0.2902E+00  0.2717E+00  0.2515E+00  0.2294E+00  0.2051E+00  0.1783E+00
 Diferencia en norma 1:    9.1616489538575430E-003
-------------------------------------
  19|  0.2911E+00  0.2727E+00  0.2526E+00  0.2306E+00  0.2064E+00  0.1796E+00
 Diferencia en norma 1:    6.6125251051611378E-003
-------------------------------------
  20|  0.2905E+00  0.2720E+00  0.2518E+00  0.2297E+00  0.2055E+00  0.1786E+00
 Diferencia en norma 1:    4.7726657597191857E-003
-------------------------------------
  21|  0.2909E+00  0.2725E+00  0.2524E+00  0.2303E+00  0.2061E+00  0.1793E+00
 Diferencia en norma 1:    3.4447261964278830E-003
-------------------------------------
  22|  0.2906E+00  0.2721E+00  0.2520E+00  0.2299E+00  0.2056E+00  0.1788E+00
 Diferencia en norma 1:    2.4862706013183966E-003
-------------------------------------
  23|  0.2908E+00  0.2724E+00  0.2523E+00  0.2302E+00  0.2060E+00  0.1792E+00
 Diferencia en norma 1:    1.7944942937405117E-003
-------------------------------------
  24|  0.2906E+00  0.2722E+00  0.2521E+00  0.2300E+00  0.2057E+00  0.1789E+00
 Diferencia en norma 1:    1.2951968174977069E-003
-------------------------------------
  25|  0.2908E+00  0.2723E+00  0.2522E+00  0.2302E+00  0.2059E+00  0.1791E+00
 Diferencia en norma 1:    9.3482314315948556E-004
-------------------------------------
  26|  0.2907E+00  0.2722E+00  0.2521E+00  0.2300E+00  0.2058E+00  0.1790E+00
 Diferencia en norma 1:    6.7471931460968970E-004
-------------------------------------
  27|  0.2907E+00  0.2723E+00  0.2522E+00  0.2301E+00  0.2059E+00  0.1791E+00
 Diferencia en norma 1:    4.8698639613128925E-004
-------------------------------------
  28|  0.2907E+00  0.2722E+00  0.2521E+00  0.2301E+00  0.2058E+00  0.1790E+00
 Diferencia en norma 1:    3.5148801120962747E-004
-------------------------------------
  29|  0.2907E+00  0.2723E+00  0.2522E+00  0.2301E+00  0.2059E+00  0.1791E+00
 Diferencia en norma 1:    2.5369049937656873E-004
-------------------------------------
  30|  0.2907E+00  0.2723E+00  0.2521E+00  0.2301E+00  0.2058E+00  0.1790E+00
 Diferencia en norma 1:    1.8310402466489850E-004
-------------------------------------
  31|  0.2907E+00  0.2723E+00  0.2521E+00  0.2301E+00  0.2059E+00  0.1791E+00
 Diferencia en norma 1:    1.3215742777472617E-004
-------------------------------------
  32|  0.2907E+00  0.2723E+00  0.2521E+00  0.2301E+00  0.2058E+00  0.1790E+00
 Diferencia en norma 1:    9.5386137732328402E-005
-------------------------------------
  33|  0.2907E+00  0.2723E+00  0.2521E+00  0.2301E+00  0.2059E+00  0.1791E+00
 Diferencia en norma 1:    6.8846037825337492E-005
-------------------------------------
  34|  0.2907E+00  0.2723E+00  0.2521E+00  0.2301E+00  0.2058E+00  0.1790E+00
 Diferencia en norma 1:    4.9690416625863820E-005
-------------------------------------
  35|  0.2907E+00  0.2723E+00  0.2521E+00  0.2301E+00  0.2059E+00  0.1790E+00
 Diferencia en norma 1:    3.5864627543485961E-005
-------------------------------------
  36|  0.2907E+00  0.2723E+00  0.2521E+00  0.2301E+00  0.2058E+00  0.1790E+00
 Diferencia en norma 1:    2.5885705859873820E-005
-------------------------------------
  37|  0.2907E+00  0.2723E+00  0.2521E+00  0.2301E+00  0.2058E+00  0.1790E+00
 Diferencia en norma 1:    1.8683304798039480E-005
-------------------------------------
  38|  0.2907E+00  0.2723E+00  0.2521E+00  0.2301E+00  0.2058E+00  0.1790E+00
 Diferencia en norma 1:    1.3484889307913139E-005
-------------------------------------
  39|  0.2907E+00  0.2723E+00  0.2521E+00  0.2301E+00  0.2058E+00  0.1790E+00
 Diferencia en norma 1:    9.7328733653923027E-006
-------------------------------------
  40|  0.2907E+00  0.2723E+00  0.2521E+00  0.2301E+00  0.2058E+00  0.1790E+00
 Diferencia en norma 1:    7.0248128689331946E-006
-------------------------------------
  41|  0.2907E+00  0.2723E+00  0.2521E+00  0.2301E+00  0.2058E+00  0.1790E+00
 Diferencia en norma 1:    5.0702391771739741E-006
-------------------------------------
  42|  0.2907E+00  0.2723E+00  0.2521E+00  0.2301E+00  0.2058E+00  0.1790E+00
 Diferencia en norma 1:    3.6595032199826516E-006
-------------------------------------
  43|  0.2907E+00  0.2723E+00  0.2521E+00  0.2301E+00  0.2058E+00  0.1790E+00
 Diferencia en norma 1:    2.6412883789017627E-006
-------------------------------------
  44|  0.2907E+00  0.2723E+00  0.2521E+00  0.2301E+00  0.2058E+00  0.1790E+00
 Diferencia en norma 1:    1.9063801508512057E-006
-------------------------------------
  45|  0.2907E+00  0.2723E+00  0.2521E+00  0.2301E+00  0.2058E+00  0.1790E+00
 Diferencia en norma 1:    1.3759517168421276E-006
-------------------------------------
  46|  0.2907E+00  0.2723E+00  0.2521E+00  0.2301E+00  0.2058E+00  0.1790E+00
 Diferencia en norma 1:    9.9310891707449223E-007
-------------------------------------

 Test de parada activado en la iteración:           46

 La solución aproximada del sistema es: 
  0.2907E+00  0.2723E+00  0.2521E+00  0.2301E+00  0.2058E+00  0.1790E+00

 El residuo del sistema r = Ax-b es: 
 -0.4490E-06 -0.5160E-06 -0.5767E-06 -0.6318E-06 -0.6821E-06 -0.7283E-06

 La norma 2 del residuo es: 
  0.1482E-05
