 --- C치lculo de la factorizaci칩n A = LU y resoluci칩n de un sistema de ecuaciones lineales ---
 El orden n de la matriz A es: 
       3

 Introduzca la matriz A: 
  0.1000E+01  0.2000E+01  0.3000E+01
 -0.2500E+01 -0.5500E+01 -0.2000E+01
  0.4000E+01  0.2000E+00  0.9000E+01

 Introduzca el vector B: 
  0.2000E+01  0.3000E+01 -0.1000E+01

 Determinante:    44.399999999999999     

 La matriz triangular inferior L es: 
  0.1000E+01  0.0000E+00  0.0000E+00
 -0.2500E+01  0.1000E+01  0.0000E+00
  0.4000E+01  0.1560E+02  0.1000E+01

 La matriz triangular superior U es: 
  0.1000E+01  0.2000E+01  0.3000E+01
  0.0000E+00 -0.5000E+00  0.5500E+01
  0.0000E+00  0.0000E+00 -0.8880E+02

 La soluci칩n del sistema es: 
 -0.3669E+01  0.5743E+00  0.1507E+01

 El residuo del sistema r = Au-b es: 
  0.0000E+00  0.0000E+00 -0.1599E-13

