 C치lculo de la factorizaci칩n de Cholesky - Caso tridiagonal

 Orden de A: 
           3
 Introduzca la diagonal principal ad:
  0.1000E+01  0.1250E+01  0.1125E+02
 Introduzca la subdiagonal as:
 -0.5000E+00  0.1500E+01
 Introduzca el vector b:
 -0.5000E+00  0.1750E+01  0.1125E+02

 En la factorizaci칩n A=BBt
 La diagonal principal de B es:
  0.1000E+01  0.1000E+01  0.3000E+01
 La subdiagonal de B es:
 -0.5000E+00  0.1500E+01

 El determinante de la matriz A es:
   9.0000000000000000     

 La soluci칩n es:
 -0.5000E+00  0.0000E+00  0.1000E+01

 El residuo del sistema, r = Au - b, es:
  0.0000E+00  0.0000E+00  0.0000E+00
