 El numero de filas es: 
   6
 El numero de columnas es: 
   6
 Introduzca la matriz a:
  0.6000E+01  0.5000E+01  0.4000E+01  0.3000E+01  0.2000E+01  0.1000E+01
  0.1000E+01  0.2000E+01  0.3000E+01  0.4000E+01  0.5000E+01  0.6000E+01
  0.6000E+01  0.5000E+01  0.4000E+01  0.3000E+01  0.2000E+01  0.1000E+01
  0.1000E+01  0.2000E+01  0.3000E+01  0.4000E+01  0.5000E+01  0.6000E+01
  0.6000E+01  0.5000E+01  0.4000E+01  0.3000E+01  0.2000E+01  0.1000E+01
  0.1000E+01  0.2000E+01  0.3000E+01  0.4000E+01  0.5000E+01  0.6000E+01
 Introduzca la matriz b:
  0.2000E+01  0.2000E+01  0.2000E+01  0.2000E+01  0.2000E+01  0.2000E+01
  0.1000E+01  0.1000E+01  0.1000E+01  0.1000E+01  0.1000E+01  0.1000E+01
  0.2000E+01  0.2000E+01  0.2000E+01  0.2000E+01  0.2000E+01  0.2000E+01
  0.1000E+01  0.1000E+01  0.1000E+01  0.1000E+01  0.1000E+01  0.1000E+01
  0.2000E+01  0.2000E+01  0.2000E+01  0.2000E+01  0.2000E+01  0.2000E+01
  0.1000E+01  0.1000E+01  0.1000E+01  0.1000E+01  0.1000E+01  0.1000E+01
 Producto matricial axb usando procedimiento propio: 
  0.3300E+02  0.3300E+02  0.3300E+02  0.3300E+02  0.3300E+02  0.3300E+02
  0.3000E+02  0.3000E+02  0.3000E+02  0.3000E+02  0.3000E+02  0.3000E+02
  0.3300E+02  0.3300E+02  0.3300E+02  0.3300E+02  0.3300E+02  0.3300E+02
  0.3000E+02  0.3000E+02  0.3000E+02  0.3000E+02  0.3000E+02  0.3000E+02
  0.3300E+02  0.3300E+02  0.3300E+02  0.3300E+02  0.3300E+02  0.3300E+02
  0.3000E+02  0.3000E+02  0.3000E+02  0.3000E+02  0.3000E+02  0.3000E+02
 Producto matricial axb usando funcion MATMUL: 
  0.3300E+02  0.3300E+02  0.3300E+02  0.3300E+02  0.3300E+02  0.3300E+02
  0.3000E+02  0.3000E+02  0.3000E+02  0.3000E+02  0.3000E+02  0.3000E+02
  0.3300E+02  0.3300E+02  0.3300E+02  0.3300E+02  0.3300E+02  0.3300E+02
  0.3000E+02  0.3000E+02  0.3000E+02  0.3000E+02  0.3000E+02  0.3000E+02
  0.3300E+02  0.3300E+02  0.3300E+02  0.3300E+02  0.3300E+02  0.3300E+02
  0.3000E+02  0.3000E+02  0.3000E+02  0.3000E+02  0.3000E+02  0.3000E+02
