 El tamaño de la matriz es: 
          25
 La diagonal a es: 
  0.8000E+01  0.8000E+01  0.8000E+01  0.8000E+01  0.8000E+01  0.8000E+01  0.8000E+01  0.8000E+01  0.8000E+01  0.8000E+01  0.8000E+01  0.8000E+01  0.8000E+01  0.8000E+01  0.8000E+01  0.8000E+01  0.8000E+01  0.8000E+01  0.8000E+01  0.8000E+01  0.8000E+01  0.8000E+01  0.8000E+01  0.8000E+01  0.8000E+01


 La diagonal c es: 
 -0.2000E+01 -0.2000E+01 -0.2000E+01 -0.2000E+01 -0.2000E+01 -0.2000E+01 -0.2000E+01 -0.2000E+01 -0.2000E+01 -0.2000E+01 -0.2000E+01 -0.2000E+01 -0.2000E+01 -0.2000E+01 -0.2000E+01 -0.2000E+01 -0.2000E+01 -0.2000E+01 -0.2000E+01 -0.2000E+01 -0.2000E+01 -0.2000E+01 -0.2000E+01 -0.2000E+01

 La diagonal d es: 
  0.2000E+01  0.2000E+01  0.2000E+01  0.2000E+01  0.2000E+01  0.2000E+01  0.2000E+01  0.2000E+01  0.2000E+01  0.2000E+01  0.2000E+01  0.2000E+01  0.2000E+01  0.2000E+01  0.2000E+01  0.2000E+01  0.2000E+01  0.2000E+01  0.2000E+01  0.2000E+01  0.2000E+01  0.2000E+01  0.2000E+01  0.2000E+01

 El término independiente b es: 
  0.1000E+02  0.1000E+02  0.1000E+02  0.1000E+02  0.1000E+02  0.1000E+02  0.1000E+02  0.1000E+02  0.1000E+02  0.1000E+02  0.1000E+02  0.1000E+02  0.1000E+02  0.1000E+02  0.1000E+02  0.1000E+02  0.1000E+02  0.1000E+02  0.1000E+02  0.1000E+02  0.1000E+02  0.1000E+02  0.1000E+02  0.1000E+02  0.1000E+02

 El iterante inicial u es: 
  0.0000E+00  0.0000E+00  0.0000E+00  0.0000E+00  0.0000E+00  0.0000E+00  0.0000E+00  0.0000E+00  0.0000E+00  0.0000E+00  0.0000E+00  0.0000E+00  0.0000E+00  0.0000E+00  0.0000E+00  0.0000E+00  0.0000E+00  0.0000E+00  0.0000E+00  0.0000E+00  0.0000E+00  0.0000E+00  0.0000E+00  0.0000E+00  0.0000E+00

 El parámetro eps para el test de parada es:
   9.9999999999999995E-007

 El número máximo de iteracciones permitidas es: 
     100
   1|  0.1250E+01  0.1250E+01  0.1250E+01  0.1250E+01  0.1250E+01  0.1250E+01  0.1250E+01  0.1250E+01  0.1250E+01  0.1250E+01  0.1250E+01  0.1250E+01  0.1250E+01  0.1250E+01  0.1250E+01  0.1250E+01  0.1250E+01  0.1250E+01  0.1250E+01  0.1250E+01  0.1250E+01  0.1250E+01  0.1250E+01  0.1250E+01  0.1250E+01
 Diferencia en norma 2:    6.2500000000000000     
-------------------------------------
   2|  0.9375E+00  0.1250E+01  0.1250E+01  0.1250E+01  0.1250E+01  0.1250E+01  0.1250E+01  0.1250E+01  0.1250E+01  0.1250E+01  0.1250E+01  0.1250E+01  0.1250E+01  0.1250E+01  0.1250E+01  0.1250E+01  0.1250E+01  0.1250E+01  0.1250E+01  0.1250E+01  0.1250E+01  0.1250E+01  0.1250E+01  0.1250E+01  0.1562E+01
 Diferencia en norma 2:   0.44194173824159222     
-------------------------------------
   3|  0.9375E+00  0.1172E+01  0.1250E+01  0.1250E+01  0.1250E+01  0.1250E+01  0.1250E+01  0.1250E+01  0.1250E+01  0.1250E+01  0.1250E+01  0.1250E+01  0.1250E+01  0.1250E+01  0.1250E+01  0.1250E+01  0.1250E+01  0.1250E+01  0.1250E+01  0.1250E+01  0.1250E+01  0.1250E+01  0.1250E+01  0.1172E+01  0.1562E+01
 Diferencia en norma 2:   0.11048543456039805     
-------------------------------------
   4|  0.9570E+00  0.1172E+01  0.1230E+01  0.1250E+01  0.1250E+01  0.1250E+01  0.1250E+01  0.1250E+01  0.1250E+01  0.1250E+01  0.1250E+01  0.1250E+01  0.1250E+01  0.1250E+01  0.1250E+01  0.1250E+01  0.1250E+01  0.1250E+01  0.1250E+01  0.1250E+01  0.1250E+01  0.1250E+01  0.1270E+01  0.1172E+01  0.1543E+01
 Diferencia en norma 2:    3.9062500000000000E-002
-------------------------------------
   5|  0.9570E+00  0.1182E+01  0.1230E+01  0.1245E+01  0.1250E+01  0.1250E+01  0.1250E+01  0.1250E+01  0.1250E+01  0.1250E+01  0.1250E+01  0.1250E+01  0.1250E+01  0.1250E+01  0.1250E+01  0.1250E+01  0.1250E+01  0.1250E+01  0.1250E+01  0.1250E+01  0.1250E+01  0.1245E+01  0.1270E+01  0.1182E+01  0.1543E+01
 Diferencia en norma 2:    1.5440808887540914E-002
-------------------------------------
   6|  0.9546E+00  0.1182E+01  0.1234E+01  0.1245E+01  0.1249E+01  0.1250E+01  0.1250E+01  0.1250E+01  0.1250E+01  0.1250E+01  0.1250E+01  0.1250E+01  0.1250E+01  0.1250E+01  0.1250E+01  0.1250E+01  0.1250E+01  0.1250E+01  0.1250E+01  0.1250E+01  0.1251E+01  0.1245E+01  0.1266E+01  0.1182E+01  0.1545E+01
 Diferencia en norma 2:    6.4593537867787855E-003
-------------------------------------
   7|  0.9546E+00  0.1180E+01  0.1234E+01  0.1246E+01  0.1249E+01  0.1250E+01  0.1250E+01  0.1250E+01  0.1250E+01  0.1250E+01  0.1250E+01  0.1250E+01  0.1250E+01  0.1250E+01  0.1250E+01  0.1250E+01  0.1250E+01  0.1250E+01  0.1250E+01  0.1250E+01  0.1251E+01  0.1246E+01  0.1266E+01  0.1180E+01  0.1545E+01
 Diferencia en norma 2:    2.7969822356908201E-003
-------------------------------------
   8|  0.9550E+00  0.1180E+01  0.1233E+01  0.1246E+01  0.1249E+01  0.1250E+01  0.1250E+01  0.1250E+01  0.1250E+01  0.1250E+01  0.1250E+01  0.1250E+01  0.1250E+01  0.1250E+01  0.1250E+01  0.1250E+01  0.1250E+01  0.1250E+01  0.1250E+01  0.1250E+01  0.1251E+01  0.1246E+01  0.1267E+01  0.1180E+01  0.1545E+01
 Diferencia en norma 2:    1.2396298835198915E-003
-------------------------------------
   9|  0.9550E+00  0.1180E+01  0.1233E+01  0.1246E+01  0.1249E+01  0.1250E+01  0.1250E+01  0.1250E+01  0.1250E+01  0.1250E+01  0.1250E+01  0.1250E+01  0.1250E+01  0.1250E+01  0.1250E+01  0.1250E+01  0.1250E+01  0.1250E+01  0.1250E+01  0.1250E+01  0.1251E+01  0.1246E+01  0.1267E+01  0.1180E+01  0.1545E+01
 Diferencia en norma 2:    5.5869363845355258E-004
-------------------------------------
  10|  0.9549E+00  0.1180E+01  0.1234E+01  0.1246E+01  0.1249E+01  0.1250E+01  0.1250E+01  0.1250E+01  0.1250E+01  0.1250E+01  0.1250E+01  0.1250E+01  0.1250E+01  0.1250E+01  0.1250E+01  0.1250E+01  0.1250E+01  0.1250E+01  0.1250E+01  0.1250E+01  0.1251E+01  0.1246E+01  0.1266E+01  0.1180E+01  0.1545E+01
 Diferencia en norma 2:    2.5500759042970536E-004
-------------------------------------
  11|  0.9549E+00  0.1180E+01  0.1234E+01  0.1246E+01  0.1249E+01  0.1250E+01  0.1250E+01  0.1250E+01  0.1250E+01  0.1250E+01  0.1250E+01  0.1250E+01  0.1250E+01  0.1250E+01  0.1250E+01  0.1250E+01  0.1250E+01  0.1250E+01  0.1250E+01  0.1250E+01  0.1251E+01  0.1246E+01  0.1266E+01  0.1180E+01  0.1545E+01
 Diferencia en norma 2:    1.1755269084569025E-004
-------------------------------------
  12|  0.9549E+00  0.1180E+01  0.1234E+01  0.1246E+01  0.1249E+01  0.1250E+01  0.1250E+01  0.1250E+01  0.1250E+01  0.1250E+01  0.1250E+01  0.1250E+01  0.1250E+01  0.1250E+01  0.1250E+01  0.1250E+01  0.1250E+01  0.1250E+01  0.1250E+01  0.1250E+01  0.1251E+01  0.1246E+01  0.1266E+01  0.1180E+01  0.1545E+01
 Diferencia en norma 2:    5.4622055503767530E-005
-------------------------------------
  13|  0.9549E+00  0.1180E+01  0.1234E+01  0.1246E+01  0.1249E+01  0.1250E+01  0.1250E+01  0.1250E+01  0.1250E+01  0.1250E+01  0.1250E+01  0.1250E+01  0.1250E+01  0.1250E+01  0.1250E+01  0.1250E+01  0.1250E+01  0.1250E+01  0.1250E+01  0.1250E+01  0.1251E+01  0.1246E+01  0.1266E+01  0.1180E+01  0.1545E+01
 Diferencia en norma 2:    2.5547127182055998E-005
-------------------------------------
  14|  0.9549E+00  0.1180E+01  0.1234E+01  0.1246E+01  0.1249E+01  0.1250E+01  0.1250E+01  0.1250E+01  0.1250E+01  0.1250E+01  0.1250E+01  0.1250E+01  0.1250E+01  0.1250E+01  0.1250E+01  0.1250E+01  0.1250E+01  0.1250E+01  0.1250E+01  0.1250E+01  0.1251E+01  0.1246E+01  0.1266E+01  0.1180E+01  0.1545E+01
 Diferencia en norma 2:    1.2014017895132530E-005
-------------------------------------
  15|  0.9549E+00  0.1180E+01  0.1234E+01  0.1246E+01  0.1249E+01  0.1250E+01  0.1250E+01  0.1250E+01  0.1250E+01  0.1250E+01  0.1250E+01  0.1250E+01  0.1250E+01  0.1250E+01  0.1250E+01  0.1250E+01  0.1250E+01  0.1250E+01  0.1250E+01  0.1250E+01  0.1251E+01  0.1246E+01  0.1266E+01  0.1180E+01  0.1545E+01
 Diferencia en norma 2:    5.6760118854256868E-006
-------------------------------------
  16|  0.9549E+00  0.1180E+01  0.1234E+01  0.1246E+01  0.1249E+01  0.1250E+01  0.1250E+01  0.1250E+01  0.1250E+01  0.1250E+01  0.1250E+01  0.1250E+01  0.1250E+01  0.1250E+01  0.1250E+01  0.1250E+01  0.1250E+01  0.1250E+01  0.1250E+01  0.1250E+01  0.1251E+01  0.1246E+01  0.1266E+01  0.1180E+01  0.1545E+01
 Diferencia en norma 2:    2.6922497380817125E-006
-------------------------------------
  17|  0.9549E+00  0.1180E+01  0.1234E+01  0.1246E+01  0.1249E+01  0.1250E+01  0.1250E+01  0.1250E+01  0.1250E+01  0.1250E+01  0.1250E+01  0.1250E+01  0.1250E+01  0.1250E+01  0.1250E+01  0.1250E+01  0.1250E+01  0.1250E+01  0.1250E+01  0.1250E+01  0.1251E+01  0.1246E+01  0.1266E+01  0.1180E+01  0.1545E+01
 Diferencia en norma 2:    1.2813372458048238E-006
-------------------------------------
  18|  0.9549E+00  0.1180E+01  0.1234E+01  0.1246E+01  0.1249E+01  0.1250E+01  0.1250E+01  0.1250E+01  0.1250E+01  0.1250E+01  0.1250E+01  0.1250E+01  0.1250E+01  0.1250E+01  0.1250E+01  0.1250E+01  0.1250E+01  0.1250E+01  0.1250E+01  0.1250E+01  0.1251E+01  0.1246E+01  0.1266E+01  0.1180E+01  0.1545E+01
 Diferencia en norma 2:    6.1162319447778276E-007
-------------------------------------

 Test de parada activado en la iteración:           18
